0 info it worked if it ends with ok
1 verbose cli [ 'C:\\Program Files (x86)\\nodejs\\node.exe',
1 verbose cli   'C:\\Users\\payam\\AppData\\Roaming\\npm\\node_modules\\npm\\bin\\npm-cli.js',
1 verbose cli   'start' ]
2 info using npm@4.0.2
3 info using node@v5.7.0
4 verbose run-script [ 'prestart', 'start', 'poststart' ]
5 info lifecycle pulse-market@1.0.0~prestart: pulse-market@1.0.0
6 silly lifecycle pulse-market@1.0.0~prestart: no script for prestart, continuing
7 info lifecycle pulse-market@1.0.0~start: pulse-market@1.0.0
8 verbose lifecycle pulse-market@1.0.0~start: unsafe-perm in lifecycle true
9 verbose lifecycle pulse-market@1.0.0~start: PATH: C:\Users\payam\AppData\Roaming\npm\node_modules\npm\bin\node-gyp-bin;C:\Users\payam\Desktop\Pulse Market\node_modules\.bin;d:\Program Files\EasyPHP\binaries\php\php_runningversion;C:\ProgramData\Oracle\Java\javapath;C:\Program Files (x86)\Intel\iCLS Client\;C:\Program Files\Intel\iCLS Client\;C:\Windows\system32;C:\Windows;C:\Windows\System32\Wbem;C:\Windows\System32\WindowsPowerShell\v1.0\;C:\Program Files (x86)\Intel\Intel(R) Management Engine Components\DAL;C:\Program Files\Intel\Intel(R) Management Engine Components\DAL;C:\Program Files (x86)\Intel\Intel(R) Management Engine Components\IPT;C:\Program Files\Intel\Intel(R) Management Engine Components\IPT;C:\Program Files (x86)\NVIDIA Corporation\PhysX\Common;C:\Program Files (x86)\Skype\Phone\;D:\xampp\mysql\bin;D:\Program Files\sqlite;D:\Composer;C:\Program Files\Microsoft SQL Server\120\Tools\Binn\;C:\Program Files\Microsoft SQL Server\Client SDK\ODBC\110\Tools\Binn\;C:\Program Files (x86)\nodejs\;C:\Program Files\Microsoft\Web Platform Installer\;C:\WINDOWS\system32;C:\WINDOWS;C:\WINDOWS\System32\Wbem;C:\WINDOWS\System32\WindowsPowerShell\v1.0\;D:\Program Files\MongoDB\Server\3.2\bin;C:\Program Files\Common Files\Autodesk Shared\;D:\Program Files\EasyPHP-Devserver-16.1\eds-binaries\php\php704vc14x86x160609231307;D:\Program Files\Git\bin\;d:\Program Files\Heroku\bin;C:\Program Files (x86)\Microsoft SQL Server\130\Tools\Binn\;C:\Program Files\Microsoft SQL Server\130\Tools\Binn\;C:\Program Files\Microsoft SQL Server\130\DTS\Binn\;C:\Program Files\Microsoft SQL Server\Client SDK\ODBC\130\Tools\Binn\;C:\Program Files (x86)\Windows Kits\8.1\Windows Performance Toolkit\;d:\Program Files\Git\cmd;C:\Program Files (x86)\Microsoft SQL Server\130\DTS\Binn\;C:\Program Files (x86)\Microsoft SQL Server\Client SDK\ODBC\130\Tools\Binn\;C:\Program Files (x86)\Microsoft SQL Server\130\Tools\Binn\ManagementStudio\;C:\Program Files\Microsoft SQL Server\110\Tools\Binn\;C:\WINDOWS\system32\config\systemprofile\.dnx\bin;C:\Program Files\Microsoft DNX\Dnvm\;C:\Users\payam\.dnx\bin;C:\Users\payam\AppData\Roaming\npm;C:\Users\payam\AppData\Local\Microsoft\WindowsApps;
10 verbose lifecycle pulse-market@1.0.0~start: CWD: C:\Users\payam\Desktop\Pulse Market
11 silly lifecycle pulse-market@1.0.0~start: Args: [ '/d /s /c', 'nodemon server.js' ]
12 silly lifecycle pulse-market@1.0.0~start: Returned: code: 3221225786  signal: null
13 info lifecycle pulse-market@1.0.0~start: Failed to exec start script
14 verbose stack Error: pulse-market@1.0.0 start: `nodemon server.js`
14 verbose stack Exit status 3221225786
14 verbose stack     at EventEmitter.<anonymous> (C:\Users\payam\AppData\Roaming\npm\node_modules\npm\lib\utils\lifecycle.js:279:16)
14 verbose stack     at emitTwo (events.js:100:13)
14 verbose stack     at EventEmitter.emit (events.js:185:7)
14 verbose stack     at ChildProcess.<anonymous> (C:\Users\payam\AppData\Roaming\npm\node_modules\npm\lib\utils\spawn.js:40:14)
14 verbose stack     at emitTwo (events.js:100:13)
14 verbose stack     at ChildProcess.emit (events.js:185:7)
14 verbose stack     at maybeClose (internal/child_process.js:827:16)
14 verbose stack     at Process.ChildProcess._handle.onexit (internal/child_process.js:211:5)
15 verbose pkgid pulse-market@1.0.0
16 verbose cwd C:\Users\payam\Desktop\Pulse Market
17 error Windows_NT 10.0.14393
18 error argv "C:\\Program Files (x86)\\nodejs\\node.exe" "C:\\Users\\payam\\AppData\\Roaming\\npm\\node_modules\\npm\\bin\\npm-cli.js" "start"
19 error node v5.7.0
20 error npm  v4.0.2
21 error code ELIFECYCLE
22 error pulse-market@1.0.0 start: `nodemon server.js`
22 error Exit status 3221225786
23 error Failed at the pulse-market@1.0.0 start script 'nodemon server.js'.
23 error Make sure you have the latest version of node.js and npm installed.
23 error If you do, this is most likely a problem with the pulse-market package,
23 error not with npm itself.
23 error Tell the author that this fails on your system:
23 error     nodemon server.js
23 error You can get information on how to open an issue for this project with:
23 error     npm bugs pulse-market
23 error Or if that isn't available, you can get their info via:
23 error     npm owner ls pulse-market
23 error There is likely additional logging output above.
24 verbose exit [ 1, true ]
